<?xml version="1.0" encoding="UTF-8"?>
<!-- Generated by org.testng.reporters.JUnitXMLReporter -->
<testsuite hostname="Elena-PC" ignored="0" name="Default test" tests="32" failures="0" timestamp="15 мая 2017 02:18:46 GMT" time="3.356" errors="0">
  <testcase name="delete" time="0.194" classname="journeys.test.JourneyTest"/>
  <testcase name="findAll" time="0.038" classname="journeys.test.JourneyTest"/>
  <testcase name="getClients" time="0.046" classname="journeys.test.JourneyTest"/>
  <testcase name="getFullShedule" time="0.015" classname="journeys.test.JourneyTest"/>
  <testcase name="getOrders" time="0.031" classname="journeys.test.JourneyTest"/>
  <testcase name="getSheduleWithDirection" time="0.0" classname="journeys.test.JourneyTest"/>
  <testcase name="getSheduleWithStation" time="0.012" classname="journeys.test.JourneyTest"/>
  <testcase name="saveOrUpdate" time="0.011" classname="journeys.test.JourneyTest"/>
  <testcase name="delete" time="0.016" classname="journeys.test.CompanyTest"/>
  <testcase name="findAll" time="0.048" classname="journeys.test.CompanyTest"/>
  <testcase name="findAllClients" time="0.015" classname="journeys.test.CompanyTest"/>
  <testcase name="saveOrUpdate" time="0.015" classname="journeys.test.CompanyTest"/>
  <testcase name="delete" time="0.031" classname="journeys.test.StationTest"/>
  <testcase name="findAll" time="0.02" classname="journeys.test.StationTest"/>
  <testcase name="saveOrUpdate" time="0.002" classname="journeys.test.StationTest"/>
  <testcase name="delete" time="0.038" classname="journeys.test.RouteTest"/>
  <testcase name="findAll" time="0.061" classname="journeys.test.RouteTest"/>
  <testcase name="getCost" time="0.0" classname="journeys.test.RouteTest"/>
  <testcase name="getShedule" time="0.0" classname="journeys.test.RouteTest"/>
  <testcase name="getSheduleOfStops" time="0.029" classname="journeys.test.RouteTest"/>
  <testcase name="saveOrUpdate" time="0.006" classname="journeys.test.RouteTest"/>
  <testcase name="delete" time="0.059" classname="journeys.test.OrderTest"/>
  <testcase name="findAll" time="0.131" classname="journeys.test.OrderTest"/>
  <testcase name="getCost" time="0.005" classname="journeys.test.OrderTest"/>
  <testcase name="saveOrUpdate" time="0.009" classname="journeys.test.OrderTest"/>
  <testcase name="delete" time="0.025" classname="journeys.test.DirectionTest"/>
  <testcase name="findAll" time="0.012" classname="journeys.test.DirectionTest"/>
  <testcase name="saveOrUpdate" time="0.003" classname="journeys.test.DirectionTest"/>
  <testcase name="delete" time="0.047" classname="journeys.test.ClientTest"/>
  <testcase name="findAll" time="0.015" classname="journeys.test.ClientTest"/>
  <testcase name="findAllOrders" time="0.016" classname="journeys.test.ClientTest"/>
  <testcase name="saveOrUpdate" time="0.0" classname="journeys.test.ClientTest"/>
</testsuite> <!-- Default test -->
